mode: set
prog/features/comments/business/usecase.go:11.76,13.2 1 1
prog/features/comments/business/usecase.go:15.70,17.16 2 1
prog/features/comments/business/usecase.go:20.2,20.12 1 1
prog/features/comments/business/usecase.go:17.16,19.3 1 1
prog/features/comments/business/usecase.go:23.88,26.16 2 1
prog/features/comments/business/usecase.go:29.2,29.12 1 1
prog/features/comments/business/usecase.go:26.16,28.3 1 1
prog/features/comments/business/usecase.go:33.68,36.16 2 1
prog/features/comments/business/usecase.go:39.2,39.12 1 1
prog/features/comments/business/usecase.go:36.16,38.3 1 1
prog/features/comments/business/usecase.go:42.92,45.16 2 1
prog/features/comments/business/usecase.go:48.2,48.18 1 1
prog/features/comments/business/usecase.go:45.16,47.3 1 1
prog/features/comments/business/usecase.go:52.81,55.16 2 1
prog/features/comments/business/usecase.go:58.2,58.12 1 1
prog/features/comments/business/usecase.go:55.16,57.3 1 1
prog/features/articles/business/usecase.go:11.70,13.2 1 1
prog/features/articles/business/usecase.go:15.91,18.16 2 1
prog/features/articles/business/usecase.go:22.2,22.18 1 1
prog/features/articles/business/usecase.go:18.16,20.3 1 1
prog/features/articles/business/usecase.go:25.74,28.16 2 1
prog/features/articles/business/usecase.go:31.2,31.12 1 1
prog/features/articles/business/usecase.go:28.16,30.3 1 1
prog/features/articles/business/usecase.go:34.76,36.16 2 1
prog/features/articles/business/usecase.go:40.2,40.22 1 1
prog/features/articles/business/usecase.go:36.16,38.3 1 1
prog/features/articles/business/usecase.go:43.87,46.16 2 1
prog/features/articles/business/usecase.go:50.2,50.25 1 1
prog/features/articles/business/usecase.go:46.16,48.3 1 1
prog/features/articles/business/usecase.go:53.93,56.16 2 1
prog/features/articles/business/usecase.go:60.2,60.12 1 1
prog/features/articles/business/usecase.go:56.16,58.3 1 1
prog/features/articles/business/usecase.go:63.66,66.16 2 1
prog/features/articles/business/usecase.go:70.2,70.12 1 1
prog/features/articles/business/usecase.go:66.16,68.3 1 1
prog/features/articles/business/usecase.go:73.90,75.16 2 1
prog/features/articles/business/usecase.go:79.2,79.22 1 1
prog/features/articles/business/usecase.go:75.16,77.3 1 1
prog/features/articles/business/usecase.go:82.75,84.16 2 1
prog/features/articles/business/usecase.go:88.2,88.12 1 1
prog/features/articles/business/usecase.go:84.16,86.3 1 1
prog/features/follows/business/usecase.go:12.68,14.2 1 1
prog/features/follows/business/usecase.go:16.64,18.16 2 1
prog/features/follows/business/usecase.go:21.2,21.12 1 1
prog/features/follows/business/usecase.go:18.16,20.3 1 1
prog/features/follows/business/usecase.go:24.66,26.16 2 1
prog/features/follows/business/usecase.go:29.2,29.12 1 1
prog/features/follows/business/usecase.go:26.16,28.3 1 1
prog/features/follows/business/usecase.go:32.89,34.16 2 1
prog/features/follows/business/usecase.go:37.2,37.18 1 1
prog/features/follows/business/usecase.go:34.16,36.3 1 1
prog/features/follows/business/usecase.go:40.89,42.16 2 1
prog/features/follows/business/usecase.go:45.2,45.18 1 1
prog/features/follows/business/usecase.go:42.16,44.3 1 1
prog/features/likes/business/usecase.go:13.74,15.2 1 1
prog/features/likes/business/usecase.go:17.74,19.16 2 1
prog/features/likes/business/usecase.go:22.2,22.12 1 1
prog/features/likes/business/usecase.go:19.16,21.3 1 1
prog/features/likes/business/usecase.go:25.76,27.16 2 1
prog/features/likes/business/usecase.go:30.2,30.12 1 1
prog/features/likes/business/usecase.go:27.16,29.3 1 1
prog/features/likes/business/usecase.go:33.94,35.16 2 1
prog/features/likes/business/usecase.go:39.2,39.22 1 1
prog/features/likes/business/usecase.go:35.16,37.3 1 1
prog/features/likes/business/usecase.go:42.85,44.16 2 1
prog/features/likes/business/usecase.go:48.2,48.19 1 1
prog/features/likes/business/usecase.go:44.16,46.3 1 1
prog/features/auth/business/usecase.go:12.56,14.2 1 1
prog/features/auth/business/usecase.go:16.62,18.16 2 1
prog/features/auth/business/usecase.go:21.2,21.12 1 1
prog/features/auth/business/usecase.go:18.16,20.3 1 1
prog/features/auth/business/usecase.go:24.65,26.16 2 1
prog/features/auth/business/usecase.go:29.2,29.12 1 1
prog/features/auth/business/usecase.go:26.16,28.3 1 1
prog/features/auth/business/usecase.go:32.65,35.16 2 1
prog/features/auth/business/usecase.go:38.2,38.12 1 1
prog/features/auth/business/usecase.go:35.16,37.3 1 1
prog/features/auth/business/usecase.go:42.86,45.16 2 1
prog/features/auth/business/usecase.go:48.2,48.20 1 1
prog/features/auth/business/usecase.go:45.16,47.3 1 1
prog/features/series/business/usecase.go:12.64,14.2 1 1
prog/features/series/business/usecase.go:16.69,18.16 2 1
prog/features/series/business/usecase.go:21.2,21.12 1 1
prog/features/series/business/usecase.go:18.16,20.3 1 1
prog/features/series/business/usecase.go:24.59,26.16 2 1
prog/features/series/business/usecase.go:30.2,30.12 1 1
prog/features/series/business/usecase.go:26.16,28.3 1 1
prog/features/series/business/usecase.go:33.87,36.16 2 1
prog/features/series/business/usecase.go:40.2,40.12 1 1
prog/features/series/business/usecase.go:36.16,38.3 1 1
prog/features/series/business/usecase.go:43.81,45.16 2 1
prog/features/series/business/usecase.go:49.2,49.12 1 1
prog/features/series/business/usecase.go:45.16,47.3 1 1
prog/features/series/business/usecase.go:52.84,54.16 2 1
prog/features/series/business/usecase.go:58.2,58.12 1 1
prog/features/series/business/usecase.go:54.16,56.3 1 1
prog/features/series/business/usecase.go:61.70,63.16 2 1
prog/features/series/business/usecase.go:67.2,67.20 1 1
prog/features/series/business/usecase.go:63.16,65.3 1 1
prog/features/series/business/usecase.go:70.81,72.16 2 1
prog/features/series/business/usecase.go:76.2,76.24 1 1
prog/features/series/business/usecase.go:72.16,74.3 1 1
prog/features/series/business/usecase.go:79.92,81.16 2 1
prog/features/series/business/usecase.go:85.2,85.22 1 1
prog/features/series/business/usecase.go:81.16,83.3 1 1
prog/features/series/business/usecase.go:88.72,90.16 2 1
prog/features/series/business/usecase.go:94.2,94.12 1 1
prog/features/series/business/usecase.go:90.16,92.3 1 1
prog/features/users/business/usecase.go:13.58,15.2 1 1
prog/features/users/business/usecase.go:17.78,19.16 2 1
prog/features/users/business/usecase.go:22.2,30.16 3 1
prog/features/users/business/usecase.go:34.2,34.20 1 1
prog/features/users/business/usecase.go:19.16,21.3 1 0
prog/features/users/business/usecase.go:30.16,32.3 1 1
prog/features/users/business/usecase.go:37.60,39.16 2 1
prog/features/users/business/usecase.go:43.2,43.19 1 1
prog/features/users/business/usecase.go:39.16,41.3 1 1
prog/features/users/business/usecase.go:46.64,49.16 2 1
prog/features/users/business/usecase.go:53.2,53.22 1 1
prog/features/users/business/usecase.go:49.16,51.3 1 1
prog/features/users/business/usecase.go:56.74,58.16 2 1
prog/features/users/business/usecase.go:62.2,62.12 1 1
prog/features/users/business/usecase.go:58.16,60.3 1 1
prog/features/users/business/usecase.go:65.57,67.16 2 1
prog/features/users/business/usecase.go:71.2,71.12 1 1
prog/features/users/business/usecase.go:67.16,69.3 1 1
